"pkg-config --exists sqlite3"
| pkg-config --libs sqlite3
=> "-lsqlite3\n"
"clang -fdeclspec -o conftest -I/Users/hitomi/.rbenv/versions/3.0.0/include/ruby-3.0.0/arm64-darwin20 -I/Users/hitomi/.rbenv/versions/3.0.0/include/ruby-3.0.0/ruby/backward -I/Users/hitomi/.rbenv/versions/3.0.0/include/ruby-3.0.0 -I. -I/Users/hitomi/.rbenv/versions/3.0.0/include -I/usr/local/opt/zlib/include -D_XOPEN_SOURCE -D_DARWIN_C_SOURCE -D_DARWIN_UNLIMITED_SELECT -D_REENTRANT   -O3 -ggdb3 -Wall -Wextra -Wdeprecated-declarations -Wdivision-by-zero -Wimplicit-function-declaration -Wimplicit-int -Wmisleading-indentation -Wpointer-arith -Wshorten-64-to-32 -Wwrite-strings -Wmissing-noreturn -Wno-constant-logical-operand -Wno-long-long -Wno-missing-field-initializers -Wno-overlength-strings -Wno-parentheses-equality -Wno-self-assign -Wno-tautological-compare -Wno-unused-parameter -Wno-unused-value -Wunused-variable -Wextra-tokens -fno-common -pipe conftest.c  -L. -L/Users/hitomi/.rbenv/versions/3.0.0/lib -L. -L/Users/hitomi/.rbenv/versions/3.0.0/lib -L/usr/local/opt/zlib/lib -fstack-protector-strong -L/usr/local/lib  -m64   -lruby.3.0   "
checked program was:
/* begin */
1: #include "ruby.h"
2: 
3: int main(int argc, char **argv)
4: {
5:   return !!argv[argc];
6: }
/* end */

"clang -fdeclspec -o conftest -I/Users/hitomi/.rbenv/versions/3.0.0/include/ruby-3.0.0/arm64-darwin20 -I/Users/hitomi/.rbenv/versions/3.0.0/include/ruby-3.0.0/ruby/backward -I/Users/hitomi/.rbenv/versions/3.0.0/include/ruby-3.0.0 -I. -I/Users/hitomi/.rbenv/versions/3.0.0/include -I/usr/local/opt/zlib/include -D_XOPEN_SOURCE -D_DARWIN_C_SOURCE -D_DARWIN_UNLIMITED_SELECT -D_REENTRANT   -O3 -ggdb3 -Wall -Wextra -Wdeprecated-declarations -Wdivision-by-zero -Wimplicit-function-declaration -Wimplicit-int -Wmisleading-indentation -Wpointer-arith -Wshorten-64-to-32 -Wwrite-strings -Wmissing-noreturn -Wno-constant-logical-operand -Wno-long-long -Wno-missing-field-initializers -Wno-overlength-strings -Wno-parentheses-equality -Wno-self-assign -Wno-tautological-compare -Wno-unused-parameter -Wno-unused-value -Wunused-variable -Wextra-tokens -fno-common -pipe conftest.c  -L. -L/Users/hitomi/.rbenv/versions/3.0.0/lib -L. -L/Users/hitomi/.rbenv/versions/3.0.0/lib -L/usr/local/opt/zlib/lib -fstack-protector-strong -L/usr/local/lib  -m64   -lruby.3.0 -lsqlite3  "
checked program was:
/* begin */
1: #include "ruby.h"
2: 
3: int main(int argc, char **argv)
4: {
5:   return !!argv[argc];
6: }
/* end */

| pkg-config --cflags-only-I sqlite3
=> "\n"
| pkg-config --cflags-only-other sqlite3
=> "\n"
| pkg-config --libs-only-l sqlite3
=> "-lsqlite3\n"
package configuration for sqlite3
incflags: 
cflags: 
ldflags: 
libs: -lsqlite3

find_header: checking for sqlite3.h... -------------------- yes

"clang -E -I/Users/hitomi/.rbenv/versions/3.0.0/include/ruby-3.0.0/arm64-darwin20 -I/Users/hitomi/.rbenv/versions/3.0.0/include/ruby-3.0.0/ruby/backward -I/Users/hitomi/.rbenv/versions/3.0.0/include/ruby-3.0.0 -I.  -I/usr/local/opt/sqlite/include -I/Users/hitomi/.rbenv/versions/3.0.0/include -I/usr/local/opt/zlib/include -D_XOPEN_SOURCE -D_DARWIN_C_SOURCE -D_DARWIN_UNLIMITED_SELECT -D_REENTRANT   -O3 -ggdb3 -Wall -Wextra -Wdeprecated-declarations -Wdivision-by-zero -Wimplicit-function-declaration -Wimplicit-int -Wmisleading-indentation -Wpointer-arith -Wshorten-64-to-32 -Wwrite-strings -Wmissing-noreturn -Wno-constant-logical-operand -Wno-long-long -Wno-missing-field-initializers -Wno-overlength-strings -Wno-parentheses-equality -Wno-self-assign -Wno-tautological-compare -Wno-unused-parameter -Wno-unused-value -Wunused-variable -Wextra-tokens -fno-common -pipe   conftest.c -o conftest.i"
checked program was:
/* begin */
1: #include "ruby.h"
2: 
3: #include <sqlite3.h>
/* end */

--------------------

find_library: checking for pthread_create() in -lpthread... -------------------- yes

"clang -fdeclspec -o conftest -I/Users/hitomi/.rbenv/versions/3.0.0/include/ruby-3.0.0/arm64-darwin20 -I/Users/hitomi/.rbenv/versions/3.0.0/include/ruby-3.0.0/ruby/backward -I/Users/hitomi/.rbenv/versions/3.0.0/include/ruby-3.0.0 -I.  -I/usr/local/opt/sqlite/include -I/Users/hitomi/.rbenv/versions/3.0.0/include -I/usr/local/opt/zlib/include -D_XOPEN_SOURCE -D_DARWIN_C_SOURCE -D_DARWIN_UNLIMITED_SELECT -D_REENTRANT   -O3 -ggdb3 -Wall -Wextra -Wdeprecated-declarations -Wdivision-by-zero -Wimplicit-function-declaration -Wimplicit-int -Wmisleading-indentation -Wpointer-arith -Wshorten-64-to-32 -Wwrite-strings -Wmissing-noreturn -Wno-constant-logical-operand -Wno-long-long -Wno-missing-field-initializers -Wno-overlength-strings -Wno-parentheses-equality -Wno-self-assign -Wno-tautological-compare -Wno-unused-parameter -Wno-unused-value -Wunused-variable -Wextra-tokens -fno-common -pipe  conftest.c  -L. -L/Users/hitomi/.rbenv/versions/3.0.0/lib -L/usr/local/opt/sqlite/lib -L. -L/Users/hitomi/.rbenv/versions/3.0.0/lib -L/usr/local/opt/zlib/lib -fstack-protector-strong -L/usr/local/lib   -m64   -lsqlite3 -lruby.3.0 -lpthread  -lsqlite3  "
conftest.c:14:57: error: use of undeclared identifier 'pthread_create'
int t(void) { void ((*volatile p)()); p = (void ((*)()))pthread_create; return !p; }
                                                        ^
1 error generated.
checked program was:
/* begin */
 1: #include "ruby.h"
 2: 
 3: /*top*/
 4: extern int t(void);
 5: int main(int argc, char **argv)
 6: {
 7:   if (argc > 1000000) {
 8:     int (* volatile tp)(void)=(int (*)(void))&t;
 9:     printf("%d", (*tp)());
10:   }
11: 
12:   return !!argv[argc];
13: }
14: int t(void) { void ((*volatile p)()); p = (void ((*)()))pthread_create; return !p; }
/* end */

"clang -fdeclspec -o conftest -I/Users/hitomi/.rbenv/versions/3.0.0/include/ruby-3.0.0/arm64-darwin20 -I/Users/hitomi/.rbenv/versions/3.0.0/include/ruby-3.0.0/ruby/backward -I/Users/hitomi/.rbenv/versions/3.0.0/include/ruby-3.0.0 -I.  -I/usr/local/opt/sqlite/include -I/Users/hitomi/.rbenv/versions/3.0.0/include -I/usr/local/opt/zlib/include -D_XOPEN_SOURCE -D_DARWIN_C_SOURCE -D_DARWIN_UNLIMITED_SELECT -D_REENTRANT   -O3 -ggdb3 -Wall -Wextra -Wdeprecated-declarations -Wdivision-by-zero -Wimplicit-function-declaration -Wimplicit-int -Wmisleading-indentation -Wpointer-arith -Wshorten-64-to-32 -Wwrite-strings -Wmissing-noreturn -Wno-constant-logical-operand -Wno-long-long -Wno-missing-field-initializers -Wno-overlength-strings -Wno-parentheses-equality -Wno-self-assign -Wno-tautological-compare -Wno-unused-parameter -Wno-unused-value -Wunused-variable -Wextra-tokens -fno-common -pipe  conftest.c  -L. -L/Users/hitomi/.rbenv/versions/3.0.0/lib -L/usr/local/opt/sqlite/lib -L. -L/Users/hitomi/.rbenv/versions/3.0.0/lib -L/usr/local/opt/zlib/lib -fstack-protector-strong -L/usr/local/lib   -m64   -lsqlite3 -lruby.3.0 -lpthread  -lsqlite3  "
ld: warning: ignoring file /usr/local/opt/sqlite/lib/libsqlite3.dylib, building for macOS-arm64 but attempting to link with file built for macOS-x86_64
checked program was:
/* begin */
 1: #include "ruby.h"
 2: 
 3: /*top*/
 4: extern int t(void);
 5: int main(int argc, char **argv)
 6: {
 7:   if (argc > 1000000) {
 8:     int (* volatile tp)(void)=(int (*)(void))&t;
 9:     printf("%d", (*tp)());
10:   }
11: 
12:   return !!argv[argc];
13: }
14: extern void pthread_create();
15: int t(void) { pthread_create(); return 0; }
/* end */

--------------------

find_library: checking for sqlite3_libversion_number() in -lsqlite3... -------------------- no

"clang -fdeclspec -o conftest -I/Users/hitomi/.rbenv/versions/3.0.0/include/ruby-3.0.0/arm64-darwin20 -I/Users/hitomi/.rbenv/versions/3.0.0/include/ruby-3.0.0/ruby/backward -I/Users/hitomi/.rbenv/versions/3.0.0/include/ruby-3.0.0 -I.  -I/usr/local/opt/sqlite/include -I/Users/hitomi/.rbenv/versions/3.0.0/include -I/usr/local/opt/zlib/include -D_XOPEN_SOURCE -D_DARWIN_C_SOURCE -D_DARWIN_UNLIMITED_SELECT -D_REENTRANT   -O3 -ggdb3 -Wall -Wextra -Wdeprecated-declarations -Wdivision-by-zero -Wimplicit-function-declaration -Wimplicit-int -Wmisleading-indentation -Wpointer-arith -Wshorten-64-to-32 -Wwrite-strings -Wmissing-noreturn -Wno-constant-logical-operand -Wno-long-long -Wno-missing-field-initializers -Wno-overlength-strings -Wno-parentheses-equality -Wno-self-assign -Wno-tautological-compare -Wno-unused-parameter -Wno-unused-value -Wunused-variable -Wextra-tokens -fno-common -pipe  conftest.c  -L. -L/Users/hitomi/.rbenv/versions/3.0.0/lib -L/usr/local/opt/sqlite/lib -L. -L/Users/hitomi/.rbenv/versions/3.0.0/lib -L/usr/local/opt/zlib/lib -fstack-protector-strong -L/usr/local/lib   -m64  -lpthread  -lsqlite3 -lruby.3.0 -lsqlite3 -lpthread  -lsqlite3  "
conftest.c:14:57: error: use of undeclared identifier 'sqlite3_libversion_number'
int t(void) { void ((*volatile p)()); p = (void ((*)()))sqlite3_libversion_number; return !p; }
                                                        ^
1 error generated.
checked program was:
/* begin */
 1: #include "ruby.h"
 2: 
 3: /*top*/
 4: extern int t(void);
 5: int main(int argc, char **argv)
 6: {
 7:   if (argc > 1000000) {
 8:     int (* volatile tp)(void)=(int (*)(void))&t;
 9:     printf("%d", (*tp)());
10:   }
11: 
12:   return !!argv[argc];
13: }
14: int t(void) { void ((*volatile p)()); p = (void ((*)()))sqlite3_libversion_number; return !p; }
/* end */

"clang -fdeclspec -o conftest -I/Users/hitomi/.rbenv/versions/3.0.0/include/ruby-3.0.0/arm64-darwin20 -I/Users/hitomi/.rbenv/versions/3.0.0/include/ruby-3.0.0/ruby/backward -I/Users/hitomi/.rbenv/versions/3.0.0/include/ruby-3.0.0 -I.  -I/usr/local/opt/sqlite/include -I/Users/hitomi/.rbenv/versions/3.0.0/include -I/usr/local/opt/zlib/include -D_XOPEN_SOURCE -D_DARWIN_C_SOURCE -D_DARWIN_UNLIMITED_SELECT -D_REENTRANT   -O3 -ggdb3 -Wall -Wextra -Wdeprecated-declarations -Wdivision-by-zero -Wimplicit-function-declaration -Wimplicit-int -Wmisleading-indentation -Wpointer-arith -Wshorten-64-to-32 -Wwrite-strings -Wmissing-noreturn -Wno-constant-logical-operand -Wno-long-long -Wno-missing-field-initializers -Wno-overlength-strings -Wno-parentheses-equality -Wno-self-assign -Wno-tautological-compare -Wno-unused-parameter -Wno-unused-value -Wunused-variable -Wextra-tokens -fno-common -pipe  conftest.c  -L. -L/Users/hitomi/.rbenv/versions/3.0.0/lib -L/usr/local/opt/sqlite/lib -L. -L/Users/hitomi/.rbenv/versions/3.0.0/lib -L/usr/local/opt/zlib/lib -fstack-protector-strong -L/usr/local/lib   -m64  -lpthread  -lsqlite3 -lruby.3.0 -lsqlite3 -lpthread  -lsqlite3  "
ld: warning: ignoring file /usr/local/opt/sqlite/lib/libsqlite3.dylib, building for macOS-arm64 but attempting to link with file built for macOS-x86_64
Undefined symbols for architecture arm64:
  "_sqlite3_libversion_number", referenced from:
      _t in conftest-ea4781.o
ld: symbol(s) not found for architecture arm64
clang: error: linker command failed with exit code 1 (use -v to see invocation)
checked program was:
/* begin */
 1: #include "ruby.h"
 2: 
 3: /*top*/
 4: extern int t(void);
 5: int main(int argc, char **argv)
 6: {
 7:   if (argc > 1000000) {
 8:     int (* volatile tp)(void)=(int (*)(void))&t;
 9:     printf("%d", (*tp)());
10:   }
11: 
12:   return !!argv[argc];
13: }
14: extern void sqlite3_libversion_number();
15: int t(void) { sqlite3_libversion_number(); return 0; }
/* end */

--------------------

